{"tags":["male","soft spoken","intentional","super rad"," :) "],"url":"http://www.youtube.com/watch?v=GJmEcxxqNyk","level":"info","message":"","timestamp":"2015-03-01T22:05:05.308Z"}
{"tags":["binaural","intentional","female","no speaking"],"url":"http://www.youtube.com/watch?v=s-Urlh1pYOk","level":"info","message":"","timestamp":"2015-03-01T22:05:05.317Z"}
{"tags":["male","soft spoken","crinkle","tap","1:28:51"],"url":"http://www.youtube.com/watch?v=ja8_DZy6itw","level":"info","message":"","timestamp":"2015-03-01T22:05:05.320Z"}
{"tags":["female","intentional"],"url":"http://m.youtube.com/watch?list=WL&amp;v=iO2_BgHbl-Q","level":"info","message":"","timestamp":"2015-03-01T22:05:05.325Z"}
{"tags":["hd","female","languages","fastasmr"],"url":"http://www.youtube.com/watch?v=DCziMlAwtKE","level":"info","message":"","timestamp":"2015-03-01T22:05:05.326Z"}
{"tags":["female","page turning","normal voice"],"url":"http://youtube.com/watch?v=ykm_17Rw-fU","level":"info","message":"","timestamp":"2015-03-01T22:05:05.334Z"}
{"tags":["binaural","female"],"url":"http://youtube.com/watch?v=cDyFKQyFbJk","level":"info","message":"","timestamp":"2015-03-01T22:05:05.365Z"}
{"tags":["intentional","miniatures","adventure","quest"],"url":"http://youtube.com/watch?v=71Ko-E3OR9U","level":"info","message":"","timestamp":"2015-03-01T22:05:05.374Z"}
{"tags":["male","soft spoken","intentional","super rad"," :) "],"url":"http://www.youtube.com/watch?v=GJmEcxxqNyk","level":"info","message":"","timestamp":"2015-03-01T22:05:16.383Z"}
{"tags":["binaural","intentional","female","no speaking"],"url":"http://www.youtube.com/watch?v=s-Urlh1pYOk","level":"info","message":"","timestamp":"2015-03-01T22:05:16.389Z"}
{"tags":["male","soft spoken","crinkle","tap","1:28:51"],"url":"http://www.youtube.com/watch?v=ja8_DZy6itw","level":"info","message":"","timestamp":"2015-03-01T22:05:16.391Z"}
{"tags":["female","intentional"],"url":"http://m.youtube.com/watch?list=WL&amp;v=iO2_BgHbl-Q","level":"info","message":"","timestamp":"2015-03-01T22:05:16.393Z"}
{"tags":["hd","female","languages","fastasmr"],"url":"http://www.youtube.com/watch?v=DCziMlAwtKE","level":"info","message":"","timestamp":"2015-03-01T22:05:16.393Z"}
{"tags":["female","page turning","normal voice"],"url":"http://youtube.com/watch?v=ykm_17Rw-fU","level":"info","message":"","timestamp":"2015-03-01T22:05:16.396Z"}
{"tags":["binaural","female"],"url":"http://youtube.com/watch?v=cDyFKQyFbJk","level":"info","message":"","timestamp":"2015-03-01T22:05:16.401Z"}
{"tags":["intentional","miniatures","adventure","quest"],"url":"http://youtube.com/watch?v=71Ko-E3OR9U","level":"info","message":"","timestamp":"2015-03-01T22:05:16.411Z"}
{"tags":["male","soft spoken","intentional","super rad"," :) "],"url":"http://www.youtube.com/watch?v=GJmEcxxqNyk","level":"info","message":"","timestamp":"2015-03-01T22:05:23.059Z"}
{"tags":["binaural","intentional","female","no speaking"],"url":"http://www.youtube.com/watch?v=s-Urlh1pYOk","level":"info","message":"","timestamp":"2015-03-01T22:05:23.066Z"}
{"tags":["male","soft spoken","crinkle","tap","1:28:51"],"url":"http://www.youtube.com/watch?v=ja8_DZy6itw","level":"info","message":"","timestamp":"2015-03-01T22:05:23.069Z"}
{"tags":["female","intentional"],"url":"http://m.youtube.com/watch?list=WL&amp;v=iO2_BgHbl-Q","level":"info","message":"","timestamp":"2015-03-01T22:05:23.073Z"}
{"tags":["hd","female","languages","fastasmr"],"url":"http://www.youtube.com/watch?v=DCziMlAwtKE","level":"info","message":"","timestamp":"2015-03-01T22:05:23.074Z"}
{"tags":["female","page turning","normal voice"],"url":"http://youtube.com/watch?v=ykm_17Rw-fU","level":"info","message":"","timestamp":"2015-03-01T22:05:23.077Z"}
{"tags":["binaural","female"],"url":"http://youtube.com/watch?v=cDyFKQyFbJk","level":"info","message":"","timestamp":"2015-03-01T22:05:23.081Z"}
{"tags":["intentional","miniatures","adventure","quest"],"url":"http://youtube.com/watch?v=71Ko-E3OR9U","level":"info","message":"","timestamp":"2015-03-01T22:05:23.087Z"}
